2024-11-19 14:43:29,480 Carrello.views INFO     Richiesta settaggio quantita 3 prodotto 9 carrello 16 utente 1
2024-11-19 14:43:29,482 Carrello.views INFO     Effettuato settaggio quantita 3 prodotto 9 carrello 16 utente 1
2024-11-19 14:52:58,827 Carrello.views INFO     Richiesta aggiunta prodotto 12 al carrello dell'utente 1
2024-11-19 14:54:00,758 Carrello.views INFO     Richiesta settaggio quantita 6 prodotto 12 carrello 17 utente 1
2024-11-19 14:54:00,760 Carrello.views INFO     Effettuato settaggio quantita 6 prodotto 12 carrello 17 utente 1
2024-11-19 14:54:03,497 Carrello.views INFO     Richiesta settaggio quantita 0 prodotto 12 carrello 17 utente 1
2024-11-19 14:54:03,499 Carrello.views INFO     Effettuato settaggio quantita 0 prodotto 12 carrello 17 utente 1
2024-11-19 14:56:02,091 Carrello.views INFO     Richiesta settaggio quantita 0 prodotto 12 carrello 17 utente 1
2024-11-19 14:56:02,093 Carrello.views INFO     Effettuato settaggio quantita 0 prodotto 12 carrello 17 utente 1
2024-11-19 14:56:08,755 Carrello.views INFO     Richiesta aggiunta prodotto 591 al carrello dell'utente 1
2024-11-19 14:56:14,249 Carrello.views INFO     Richiesta settaggio quantita 3 prodotto 591 carrello 18 utente 1
2024-11-19 14:56:14,250 Carrello.views INFO     Effettuato settaggio quantita 3 prodotto 591 carrello 18 utente 1
2024-11-19 14:56:16,824 Carrello.views INFO     Richiesta settaggio quantita 0 prodotto 591 carrello 18 utente 1
2024-11-19 14:56:16,826 Carrello.views INFO     Effettuato settaggio quantita 0 prodotto 591 carrello 18 utente 1
2024-11-19 15:01:47,839 Carrello.views INFO     Richiesta aggiunta prodotto 12 al carrello dell'utente 1
2024-11-19 15:01:48,778 Carrello.views INFO     Richiesta aggiunta prodotto 12 al carrello dell'utente 1
2024-11-19 15:01:49,632 Carrello.views INFO     Richiesta aggiunta prodotto 12 al carrello dell'utente 1
2024-11-19 15:02:04,990 Carrello.views INFO     Richiesta settaggio quantita 0 prodotto 12 carrello 19 utente 1
2024-11-19 15:02:04,992 Carrello.views INFO     Effettuato settaggio quantita 0 prodotto 12 carrello 19 utente 1
2024-11-19 15:02:10,467 Carrello.views INFO     Richiesta aggiunta prodotto 15 al carrello dell'utente 1
2024-11-19 15:02:10,946 Carrello.views INFO     Richiesta aggiunta prodotto 15 al carrello dell'utente 1
2024-11-19 15:02:11,426 Carrello.views INFO     Richiesta aggiunta prodotto 15 al carrello dell'utente 1
2024-11-19 15:02:19,171 Carrello.views INFO     Richiesta aggiunta prodotto 12 al carrello dell'utente 1
2024-11-19 15:02:20,167 Carrello.views INFO     Richiesta aggiunta prodotto 12 al carrello dell'utente 1
2024-11-19 15:02:20,734 Carrello.views INFO     Richiesta aggiunta prodotto 12 al carrello dell'utente 1
2024-11-19 15:07:48,744 Carrello.views INFO     Richiesta eliminazione elemento carrello 20 utente 1
2024-11-19 15:07:48,746 Carrello.views INFO     Effettuata richiesta eliminazione elemento carrello 20 utente 1
2024-11-19 15:07:49,810 Carrello.views INFO     Richiesta eliminazione elemento carrello 21 utente 1
2024-11-19 15:07:49,812 Carrello.views INFO     Effettuata richiesta eliminazione elemento carrello 21 utente 1
2024-11-19 15:10:44,403 Carrello.views INFO     Richiesta aggiunta prodotto 14 al carrello dell'utente 1
2024-11-19 15:10:53,554 Carrello.views INFO     Richiesta aggiunta prodotto 1 al carrello dell'utente 1
2024-11-19 15:10:54,537 Carrello.views INFO     Richiesta aggiunta prodotto 2 al carrello dell'utente 1
2024-11-19 15:10:55,555 Carrello.views INFO     Richiesta aggiunta prodotto 3 al carrello dell'utente 1
2024-11-19 15:17:05,269 Carrello.views INFO     Richiesta settaggio quantita 0 prodotto 2 carrello 24 utente 1
2024-11-19 15:17:05,271 Carrello.views INFO     Effettuato settaggio quantita 0 prodotto 2 carrello 24 utente 1
2024-11-19 16:51:42,695 Carrello.views INFO     Richiesta settaggio quantita 0 prodotto 14 carrello 22 utente 1
2024-11-19 16:51:42,697 Carrello.views INFO     Effettuato settaggio quantita 0 prodotto 14 carrello 22 utente 1
2024-11-19 16:51:43,924 Carrello.views INFO     Richiesta settaggio quantita 0 prodotto 1 carrello 23 utente 1
2024-11-19 16:51:43,926 Carrello.views INFO     Effettuato settaggio quantita 0 prodotto 1 carrello 23 utente 1
2024-11-19 16:51:47,553 Carrello.views INFO     Richiesta settaggio quantita 1 prodotto 3 carrello 25 utente 1
2024-11-19 16:51:47,555 Carrello.views INFO     Effettuato settaggio quantita 1 prodotto 3 carrello 25 utente 1
2024-11-19 16:51:50,420 Carrello.views INFO     Richiesta settaggio quantita 12 prodotto 3 carrello 25 utente 1
2024-11-19 16:51:50,422 Carrello.views INFO     Effettuato settaggio quantita 12 prodotto 3 carrello 25 utente 1
2024-11-19 16:51:56,603 Carrello.views INFO     Richiesta settaggio quantita 0 prodotto 3 carrello 25 utente 1
2024-11-19 16:51:56,605 Carrello.views INFO     Effettuato settaggio quantita 0 prodotto 3 carrello 25 utente 1
2024-11-19 16:54:25,344 Carrello.views INFO     Richiesta aggiunta prodotto 583 al carrello dell'utente 1
2024-11-20 17:30:44,142 Utente.backends INFO     Si è loggato l'utente info@saniscope-chimica.it
2024-11-20 18:04:06,644 Carrello.views INFO     Richiesta aggiunta prodotto 444 al carrello dell'utente 1
2024-11-22 10:25:03,870 Utente.backends INFO     Si è loggato l'utente info@saniscope-chimica.it
2024-11-27 10:32:05,360 Utente.backends INFO     Si è loggato l'utente info@saniscope-chimica.it
2024-11-27 12:18:29,992 Carrello.views INFO     Richiesta aggiunta prodotto 15 al carrello dell'utente 1
2024-11-28 14:53:28,618 Utente.backends INFO     Si è loggato l'utente info@saniscope-chimica.it
2024-11-28 15:03:39,612 Utente.views INFO     f{self}
2024-11-28 15:04:06,357 Utente.views INFO     <Utente.views.UtenteDeleteView object at 0x10e380b90>
2024-11-28 15:05:52,781 Utente.views INFO        
2024-11-28 15:06:05,347 Utente.views INFO        
2024-11-28 15:07:15,699 Utente.views INFO     1
2024-11-28 15:08:13,280 Utente.views INFO     info@saniscope-chimica.it
2024-11-28 15:09:27,132 Utente.views INFO     info@saniscope-chimica.it
2024-11-28 15:12:14,058 Utente.views INFO     info@saniscope-chimica.it
2024-11-28 15:13:39,286 Utente.views INFO     info@saniscope-chimica.it
2024-11-28 15:15:47,429 Utente.views INFO     info@saniscope-chimica.it
2024-11-28 15:33:12,274 Utente.views INFO     Richiesta cancellazione utente con id 1
2024-11-28 15:33:45,104 Utente.views INFO     Richiesta cancellazione utente con id 1
2024-11-28 15:35:43,950 Utente.views INFO     Richiesta cancellazione utente con id 1
2024-11-28 15:36:01,554 Utente.views INFO     Richiesta cancellazione utente con id 1
2024-11-28 15:36:05,840 Utente.views INFO     Richiesta cancellazione utente con id 1
2024-11-28 15:36:17,882 Utente.views INFO     Richiesta cancellazione utente con id 1
2024-11-28 15:36:22,794 Utente.views INFO     Richiesta cancellazione utente con id 1
2024-11-28 15:39:49,745 Utente.views INFO     Richiesta cancellazione utente con id 1
2024-11-28 15:42:22,976 Utente.views INFO     Richiesta cancellazione utente con id 1
2024-11-28 15:42:43,448 Utente.views INFO     Richiesta cancellazione utente con id 1
2024-11-28 15:42:45,341 Utente.views INFO     Richiesta cancellazione utente con id 1
2024-11-28 15:43:05,970 Utente.views INFO     Richiesta cancellazione utente con id 1
2024-11-28 15:43:08,468 Utente.views INFO     Richiesta cancellazione utente con id 1
2024-11-28 15:43:17,678 Utente.views INFO     Richiesta cancellazione utente con id 1
2024-11-28 15:44:10,895 Utente.views INFO     Richiesta cancellazione utente con id 1
2024-11-28 15:44:33,172 Utente.views INFO     Richiesta cancellazione utente con id 1
2024-11-28 15:44:34,125 Utente.views INFO     Richiesta cancellazione utente con id 1
2024-11-28 15:44:34,458 Utente.views INFO     Richiesta cancellazione utente con id 1
2024-11-28 15:44:34,965 Utente.views INFO     Richiesta cancellazione utente con id 1
2024-11-28 15:44:35,434 Utente.views INFO     Richiesta cancellazione utente con id 1
2024-11-28 15:44:35,775 Utente.views INFO     Richiesta cancellazione utente con id 1
2024-11-28 15:44:36,274 Utente.views INFO     Richiesta cancellazione utente con id 1
2024-11-28 15:44:36,609 Utente.views INFO     Richiesta cancellazione utente con id 1
2024-11-28 15:44:37,159 Utente.views INFO     Richiesta cancellazione utente con id 1
2024-11-28 15:44:37,509 Utente.views INFO     Richiesta cancellazione utente con id 1
2024-11-28 15:44:37,876 Utente.views INFO     Richiesta cancellazione utente con id 1
2024-11-28 15:44:38,409 Utente.views INFO     Richiesta cancellazione utente con id 1
2024-11-28 15:44:38,758 Utente.views INFO     Richiesta cancellazione utente con id 1
2024-11-28 15:45:36,214 Utente.backends INFO     Si è loggato l'utente info@saniscope-chimica.it
2024-11-28 15:47:40,968 Utente.views INFO     Richiesta cancellazione utente con id 1
2024-11-28 15:49:37,323 Utente.views INFO     Richiesta cancellazione utente con id 1
2024-11-28 15:55:22,819 Utente.views INFO     Richiesta cancellazione utente con id 1
2024-12-09 11:42:18,474 Utente.views INFO     Richiesta cancellazione utente con id 1
2024-12-09 11:49:16,756 Utente.views INFO     Richiesta cancellazione utente con id 1
2024-12-09 11:50:24,045 Utente.views INFO     Richiesta cancellazione utente con id 1
2024-12-09 23:44:58,402 Utente.views INFO     Richiesta cancellazione utente con id 1
2024-12-10 09:33:43,560 Utente.views INFO     Richiesta cancellazione utente con id 1
2024-12-10 09:35:07,710 Utente.views INFO     Richiesta cancellazione utente con id 1
2024-12-11 17:27:54,573 Utente.views INFO     Richiesta cancellazione utente con id 1
2024-12-13 15:01:31,794 Utente.backends INFO     Si è loggato l'utente info@saniscope-chimica.it
2024-12-13 15:46:18,024 Utente.backends INFO     Si è loggato l'utente info@saniscope-chimica.it
2024-12-13 16:29:47,465 Utente.forms INFO      codiceFiscale_PartitaIVA validi
2024-12-13 16:30:20,246 Utente.forms INFO      codiceFiscale_PartitaIVA validi
2024-12-13 16:30:20,252 Utente.views INFO     Si è registarto con l'email g.nanni94@hotmail.it
2024-12-13 16:32:20,756 Utente.backends INFO     Si è loggato l'utente info@saniscope-chimica.it
2024-12-13 16:33:34,027 Utente.forms INFO      codiceFiscale_PartitaIVA validi
2024-12-13 16:33:46,703 Utente.forms INFO      codiceFiscale_PartitaIVA validi
2024-12-13 16:33:46,706 Utente.views INFO     Si è registarto con l'email g.nanni94@hotmail.it
2024-12-13 16:35:51,167 Utente.forms INFO      NNNGLI94C10A390Q che arriva
2024-12-13 16:35:52,915 Utente.forms INFO      NNNGLI94C10A390Q che arriva
2024-12-13 16:37:20,217 Utente.forms INFO      NNNGLI94C10A390Q che arriva
2024-12-13 16:37:20,233 Utente.views INFO     Si è registarto con l'email paolapaola61@hotmail.com
2024-12-13 16:38:07,917 Utente.backends INFO     Si è loggato l'utente info@saniscope-chimica.it
2024-12-13 16:41:51,755 Utente.forms INFO      NNNGLI94C10A390Q che arriva
