2024-11-19 14:43:29,480 Carrello.views INFO     Richiesta settaggio quantita 3 prodotto 9 carrello 16 utente 1
2024-11-19 14:43:29,482 Carrello.views INFO     Effettuato settaggio quantita 3 prodotto 9 carrello 16 utente 1
2024-11-19 14:52:58,827 Carrello.views INFO     Richiesta aggiunta prodotto 12 al carrello dell'utente 1
2024-11-19 14:54:00,758 Carrello.views INFO     Richiesta settaggio quantita 6 prodotto 12 carrello 17 utente 1
2024-11-19 14:54:00,760 Carrello.views INFO     Effettuato settaggio quantita 6 prodotto 12 carrello 17 utente 1
2024-11-19 14:54:03,497 Carrello.views INFO     Richiesta settaggio quantita 0 prodotto 12 carrello 17 utente 1
2024-11-19 14:54:03,499 Carrello.views INFO     Effettuato settaggio quantita 0 prodotto 12 carrello 17 utente 1
2024-11-19 14:56:02,091 Carrello.views INFO     Richiesta settaggio quantita 0 prodotto 12 carrello 17 utente 1
2024-11-19 14:56:02,093 Carrello.views INFO     Effettuato settaggio quantita 0 prodotto 12 carrello 17 utente 1
2024-11-19 14:56:08,755 Carrello.views INFO     Richiesta aggiunta prodotto 591 al carrello dell'utente 1
2024-11-19 14:56:14,249 Carrello.views INFO     Richiesta settaggio quantita 3 prodotto 591 carrello 18 utente 1
2024-11-19 14:56:14,250 Carrello.views INFO     Effettuato settaggio quantita 3 prodotto 591 carrello 18 utente 1
2024-11-19 14:56:16,824 Carrello.views INFO     Richiesta settaggio quantita 0 prodotto 591 carrello 18 utente 1
2024-11-19 14:56:16,826 Carrello.views INFO     Effettuato settaggio quantita 0 prodotto 591 carrello 18 utente 1
2024-11-19 15:01:47,839 Carrello.views INFO     Richiesta aggiunta prodotto 12 al carrello dell'utente 1
2024-11-19 15:01:48,778 Carrello.views INFO     Richiesta aggiunta prodotto 12 al carrello dell'utente 1
2024-11-19 15:01:49,632 Carrello.views INFO     Richiesta aggiunta prodotto 12 al carrello dell'utente 1
2024-11-19 15:02:04,990 Carrello.views INFO     Richiesta settaggio quantita 0 prodotto 12 carrello 19 utente 1
2024-11-19 15:02:04,992 Carrello.views INFO     Effettuato settaggio quantita 0 prodotto 12 carrello 19 utente 1
2024-11-19 15:02:10,467 Carrello.views INFO     Richiesta aggiunta prodotto 15 al carrello dell'utente 1
2024-11-19 15:02:10,946 Carrello.views INFO     Richiesta aggiunta prodotto 15 al carrello dell'utente 1
2024-11-19 15:02:11,426 Carrello.views INFO     Richiesta aggiunta prodotto 15 al carrello dell'utente 1
2024-11-19 15:02:19,171 Carrello.views INFO     Richiesta aggiunta prodotto 12 al carrello dell'utente 1
2024-11-19 15:02:20,167 Carrello.views INFO     Richiesta aggiunta prodotto 12 al carrello dell'utente 1
2024-11-19 15:02:20,734 Carrello.views INFO     Richiesta aggiunta prodotto 12 al carrello dell'utente 1
2024-11-19 15:07:48,744 Carrello.views INFO     Richiesta eliminazione elemento carrello 20 utente 1
2024-11-19 15:07:48,746 Carrello.views INFO     Effettuata richiesta eliminazione elemento carrello 20 utente 1
2024-11-19 15:07:49,810 Carrello.views INFO     Richiesta eliminazione elemento carrello 21 utente 1
2024-11-19 15:07:49,812 Carrello.views INFO     Effettuata richiesta eliminazione elemento carrello 21 utente 1
2024-11-19 15:10:44,403 Carrello.views INFO     Richiesta aggiunta prodotto 14 al carrello dell'utente 1
2024-11-19 15:10:53,554 Carrello.views INFO     Richiesta aggiunta prodotto 1 al carrello dell'utente 1
2024-11-19 15:10:54,537 Carrello.views INFO     Richiesta aggiunta prodotto 2 al carrello dell'utente 1
2024-11-19 15:10:55,555 Carrello.views INFO     Richiesta aggiunta prodotto 3 al carrello dell'utente 1
2024-11-19 15:17:05,269 Carrello.views INFO     Richiesta settaggio quantita 0 prodotto 2 carrello 24 utente 1
2024-11-19 15:17:05,271 Carrello.views INFO     Effettuato settaggio quantita 0 prodotto 2 carrello 24 utente 1
2024-11-19 16:51:42,695 Carrello.views INFO     Richiesta settaggio quantita 0 prodotto 14 carrello 22 utente 1
2024-11-19 16:51:42,697 Carrello.views INFO     Effettuato settaggio quantita 0 prodotto 14 carrello 22 utente 1
2024-11-19 16:51:43,924 Carrello.views INFO     Richiesta settaggio quantita 0 prodotto 1 carrello 23 utente 1
2024-11-19 16:51:43,926 Carrello.views INFO     Effettuato settaggio quantita 0 prodotto 1 carrello 23 utente 1
2024-11-19 16:51:47,553 Carrello.views INFO     Richiesta settaggio quantita 1 prodotto 3 carrello 25 utente 1
2024-11-19 16:51:47,555 Carrello.views INFO     Effettuato settaggio quantita 1 prodotto 3 carrello 25 utente 1
2024-11-19 16:51:50,420 Carrello.views INFO     Richiesta settaggio quantita 12 prodotto 3 carrello 25 utente 1
2024-11-19 16:51:50,422 Carrello.views INFO     Effettuato settaggio quantita 12 prodotto 3 carrello 25 utente 1
2024-11-19 16:51:56,603 Carrello.views INFO     Richiesta settaggio quantita 0 prodotto 3 carrello 25 utente 1
2024-11-19 16:51:56,605 Carrello.views INFO     Effettuato settaggio quantita 0 prodotto 3 carrello 25 utente 1
2024-11-19 16:54:25,344 Carrello.views INFO     Richiesta aggiunta prodotto 583 al carrello dell'utente 1
2024-11-20 17:30:44,142 Utente.backends INFO     Si è loggato l'utente info@saniscope-chimica.it
2024-11-20 18:04:06,644 Carrello.views INFO     Richiesta aggiunta prodotto 444 al carrello dell'utente 1
2024-11-22 10:25:03,870 Utente.backends INFO     Si è loggato l'utente info@saniscope-chimica.it
2024-11-27 10:32:05,360 Utente.backends INFO     Si è loggato l'utente info@saniscope-chimica.it
2024-11-27 12:18:29,992 Carrello.views INFO     Richiesta aggiunta prodotto 15 al carrello dell'utente 1
2024-11-28 14:53:28,618 Utente.backends INFO     Si è loggato l'utente info@saniscope-chimica.it
2024-11-28 15:03:39,612 Utente.views INFO     f{self}
2024-11-28 15:04:06,357 Utente.views INFO     <Utente.views.UtenteDeleteView object at 0x10e380b90>
2024-11-28 15:05:52,781 Utente.views INFO        
2024-11-28 15:06:05,347 Utente.views INFO        
2024-11-28 15:07:15,699 Utente.views INFO     1
2024-11-28 15:08:13,280 Utente.views INFO     info@saniscope-chimica.it
2024-11-28 15:09:27,132 Utente.views INFO     info@saniscope-chimica.it
2024-11-28 15:12:14,058 Utente.views INFO     info@saniscope-chimica.it
2024-11-28 15:13:39,286 Utente.views INFO     info@saniscope-chimica.it
2024-11-28 15:15:47,429 Utente.views INFO     info@saniscope-chimica.it
2024-11-28 15:33:12,274 Utente.views INFO     Richiesta cancellazione utente con id 1
2024-11-28 15:33:45,104 Utente.views INFO     Richiesta cancellazione utente con id 1
2024-11-28 15:35:43,950 Utente.views INFO     Richiesta cancellazione utente con id 1
2024-11-28 15:36:01,554 Utente.views INFO     Richiesta cancellazione utente con id 1
2024-11-28 15:36:05,840 Utente.views INFO     Richiesta cancellazione utente con id 1
2024-11-28 15:36:17,882 Utente.views INFO     Richiesta cancellazione utente con id 1
2024-11-28 15:36:22,794 Utente.views INFO     Richiesta cancellazione utente con id 1
2024-11-28 15:39:49,745 Utente.views INFO     Richiesta cancellazione utente con id 1
2024-11-28 15:42:22,976 Utente.views INFO     Richiesta cancellazione utente con id 1
2024-11-28 15:42:43,448 Utente.views INFO     Richiesta cancellazione utente con id 1
2024-11-28 15:42:45,341 Utente.views INFO     Richiesta cancellazione utente con id 1
2024-11-28 15:43:05,970 Utente.views INFO     Richiesta cancellazione utente con id 1
2024-11-28 15:43:08,468 Utente.views INFO     Richiesta cancellazione utente con id 1
2024-11-28 15:43:17,678 Utente.views INFO     Richiesta cancellazione utente con id 1
2024-11-28 15:44:10,895 Utente.views INFO     Richiesta cancellazione utente con id 1
2024-11-28 15:44:33,172 Utente.views INFO     Richiesta cancellazione utente con id 1
2024-11-28 15:44:34,125 Utente.views INFO     Richiesta cancellazione utente con id 1
2024-11-28 15:44:34,458 Utente.views INFO     Richiesta cancellazione utente con id 1
2024-11-28 15:44:34,965 Utente.views INFO     Richiesta cancellazione utente con id 1
2024-11-28 15:44:35,434 Utente.views INFO     Richiesta cancellazione utente con id 1
2024-11-28 15:44:35,775 Utente.views INFO     Richiesta cancellazione utente con id 1
2024-11-28 15:44:36,274 Utente.views INFO     Richiesta cancellazione utente con id 1
2024-11-28 15:44:36,609 Utente.views INFO     Richiesta cancellazione utente con id 1
2024-11-28 15:44:37,159 Utente.views INFO     Richiesta cancellazione utente con id 1
2024-11-28 15:44:37,509 Utente.views INFO     Richiesta cancellazione utente con id 1
2024-11-28 15:44:37,876 Utente.views INFO     Richiesta cancellazione utente con id 1
2024-11-28 15:44:38,409 Utente.views INFO     Richiesta cancellazione utente con id 1
2024-11-28 15:44:38,758 Utente.views INFO     Richiesta cancellazione utente con id 1
2024-11-28 15:45:36,214 Utente.backends INFO     Si è loggato l'utente info@saniscope-chimica.it
2024-11-28 15:47:40,968 Utente.views INFO     Richiesta cancellazione utente con id 1
2024-11-28 15:49:37,323 Utente.views INFO     Richiesta cancellazione utente con id 1
2024-11-28 15:55:22,819 Utente.views INFO     Richiesta cancellazione utente con id 1
2024-12-09 11:42:18,474 Utente.views INFO     Richiesta cancellazione utente con id 1
2024-12-09 11:49:16,756 Utente.views INFO     Richiesta cancellazione utente con id 1
2024-12-09 11:50:24,045 Utente.views INFO     Richiesta cancellazione utente con id 1
2024-12-09 23:44:58,402 Utente.views INFO     Richiesta cancellazione utente con id 1
2024-12-10 09:33:43,560 Utente.views INFO     Richiesta cancellazione utente con id 1
2024-12-10 09:35:07,710 Utente.views INFO     Richiesta cancellazione utente con id 1
2024-12-11 17:27:54,573 Utente.views INFO     Richiesta cancellazione utente con id 1
2024-12-13 15:01:31,794 Utente.backends INFO     Si è loggato l'utente info@saniscope-chimica.it
2024-12-13 15:46:18,024 Utente.backends INFO     Si è loggato l'utente info@saniscope-chimica.it
2024-12-13 16:29:47,465 Utente.forms INFO      codiceFiscale_PartitaIVA validi
2024-12-13 16:30:20,246 Utente.forms INFO      codiceFiscale_PartitaIVA validi
2024-12-13 16:30:20,252 Utente.views INFO     Si è registarto con l'email g.nanni94@hotmail.it
2024-12-13 16:32:20,756 Utente.backends INFO     Si è loggato l'utente info@saniscope-chimica.it
2024-12-13 16:33:34,027 Utente.forms INFO      codiceFiscale_PartitaIVA validi
2024-12-13 16:33:46,703 Utente.forms INFO      codiceFiscale_PartitaIVA validi
2024-12-13 16:33:46,706 Utente.views INFO     Si è registarto con l'email g.nanni94@hotmail.it
2024-12-13 16:35:51,167 Utente.forms INFO      NNNGLI94C10A390Q che arriva
2024-12-13 16:35:52,915 Utente.forms INFO      NNNGLI94C10A390Q che arriva
2024-12-13 16:37:20,217 Utente.forms INFO      NNNGLI94C10A390Q che arriva
2024-12-13 16:37:20,233 Utente.views INFO     Si è registarto con l'email paolapaola61@hotmail.com
2024-12-13 16:38:07,917 Utente.backends INFO     Si è loggato l'utente info@saniscope-chimica.it
2024-12-13 16:41:51,755 Utente.forms INFO      NNNGLI94C10A390Q che arriva
2025-09-18 16:00:27,350 Utente.backends INFO     Si è loggato l'utente info@saniscope-chimica.it
2025-09-18 21:56:30,963 Utente.backends INFO     Si è loggato l'utente info@saniscope-chimica.it
2025-09-18 21:57:48,282 Utente.forms INFO      ssssssssss che arriva
2025-09-18 21:58:26,885 Utente.forms INFO      rssfnc96p30i234u che arriva
2025-09-18 21:59:08,069 Utente.forms INFO      RSSFNC96P30I234U che arriva
2025-09-18 22:07:58,122 Utente.forms INFO      asdfghjklzxcvbnm che arriva
2025-09-18 22:09:28,553 Utente.forms INFO      asdfghjklzxcvbnm che arriva
2025-09-18 22:09:28,566 Utente.views INFO     Si è registarto con l'email frank-1996@hotmail.it
2025-09-18 22:12:41,821 Utente.forms INFO      asdfghjklzxcvbnm che arriva
2025-09-18 22:12:41,825 Utente.views INFO     Si è registarto con l'email frank-1996@hotmail.it
2025-09-18 22:13:04,622 Utente.backends INFO     Si è loggato l'utente frank-1996@hotmail.it
2025-09-19 10:40:28,542 Utente.forms INFO      asdfsdvsd che arriva
2025-09-19 10:40:28,549 Utente.views INFO     Si è registarto con l'email andre@hotmail.it
2025-09-19 13:04:06,664 Utente.forms INFO      sadasasdasdasdas che arriva
2025-09-19 13:04:40,790 Utente.forms INFO      sadasasdasdasdas che arriva
2025-09-19 13:04:40,797 Utente.views INFO     Si è registarto con l'email adssa@hotmail.com
2025-09-19 13:12:29,299 Utente.forms INFO      sadasasdasdasdas che arriva
2025-09-19 13:12:29,322 Utente.views INFO     Si è registarto con l'email adssa@hotmail.com
2025-09-19 13:13:31,345 Utente.forms INFO      sadasasdasdasdas che arriva
2025-09-19 13:13:35,192 Utente.forms INFO      sadasasdasdasdas che arriva
2025-09-19 13:13:39,880 Utente.forms INFO      sadasasdasdasdas che arriva
2025-09-19 13:13:39,883 Utente.views INFO     Si è registarto con l'email adssa@hotmail.com
2025-09-19 13:22:24,727 Utente.forms INFO      sadasasdasdasdas che arriva
2025-09-19 13:22:31,507 Utente.forms INFO      sadasasdasdasdas che arriva
2025-09-19 13:22:44,910 Utente.forms INFO      sadasasdasdasdas che arriva
2025-09-19 13:22:44,916 Utente.views INFO     Si è registarto con l'email adssa@hotmail.com
2025-09-19 13:24:01,787 Utente.forms INFO      sadasasdasdasdas che arriva
2025-09-19 13:24:01,805 Utente.views INFO     Si è registarto con l'email adssa@hotmail.com
2025-09-19 13:25:04,274 Utente.forms INFO      sadasasdasdasdas che arriva
2025-09-19 13:25:04,289 Utente.views INFO     Si è registarto con l'email adssa@hotmail.com
2025-09-19 13:47:31,991 Utente.forms INFO      sadasasdasdasdas che arriva
2025-09-19 13:48:56,378 Utente.forms INFO      sadasasdasdasdas che arriva
2025-09-19 13:48:56,399 Utente.views INFO     Si è registarto con l'email adssa@hotmail.com
2025-09-19 13:50:40,724 Utente.forms INFO      sadasasdasdasdas che arriva
2025-09-19 13:50:40,743 Utente.views INFO     Si è registarto con l'email adssa@hotmail.com
2025-09-19 13:55:27,203 Utente.forms INFO      sadasasdasdasdas che arriva
2025-09-19 13:55:27,227 Utente.views INFO     Si è registarto con l'email adssa@hotmail.com
2025-09-19 13:59:15,929 Utente.forms INFO      asdasdassdaca8sa che arriva
2025-09-19 13:59:30,917 Utente.forms INFO      asdasdassdaca8sa che arriva
2025-09-19 13:59:30,924 Utente.views INFO     Si è registarto con l'email adssa1@hotmail.com
2025-09-19 13:59:45,738 Utente.backends INFO     Si è loggato l'utente info@saniscope-chimica.it
2025-09-19 14:01:31,553 Utente.forms INFO      ascmèodsvmefnvpe che arriva
2025-09-19 14:02:06,404 Utente.forms INFO      ascmèodsvmefnvpe che arriva
2025-09-19 14:02:06,422 Utente.views INFO     Si è registarto con l'email bmpogfmp@hotmail.it
2025-09-19 14:02:19,774 Utente.backends INFO     Si è loggato l'utente info@saniscope-chimica.it
2025-09-19 14:04:07,600 Utente.forms INFO      asdasdasdasdasda che arriva
2025-09-19 14:04:07,619 Utente.views INFO     Si è registarto con l'email asdasdcvv@outlook.it
2025-09-19 14:04:24,808 Utente.backends INFO     Si è loggato l'utente info@saniscope-chimica.it
2025-09-19 14:19:47,576 Utente.forms INFO      acascascascascac che arriva
2025-09-19 14:19:47,589 Utente.views INFO     Si è registarto con l'email ascacs@outlokk.it
2025-09-19 14:20:00,985 Utente.forms INFO      acascascascascac che arriva
2025-09-19 14:20:42,322 Utente.forms INFO      acascascascascac che arriva
2025-09-19 14:20:42,329 Utente.views INFO     Si è registarto con l'email ascacsycy@outlook.it
2025-09-19 14:20:56,486 Utente.backends INFO     Si è loggato l'utente info@saniscope-chimica.it
2025-09-19 14:23:22,191 Utente.forms INFO      asdasdasdsadasda che arriva
2025-09-19 14:23:22,197 Utente.views INFO     Si è registarto con l'email asdasd@outlook.it
2025-09-19 14:23:40,777 Utente.backends INFO     Si è loggato l'utente info@saniscope-chimica.it
2025-09-19 14:24:28,668 Utente.backends INFO     Si è loggato l'utente info@saniscope-chimica.it
2025-09-19 14:26:46,003 Utente.backends INFO     Si è loggato l'utente info@saniscope-chimica.it
2025-09-19 14:27:28,409 Utente.backends INFO     Si è loggato l'utente info@saniscope-chimica.it
2025-09-19 14:28:37,357 InvioEmail.views INFO     Email preventivo dell'utente con id: 1 ed email info@saniscope-chimica.it
2025-09-19 14:29:07,758 Utente.backends INFO     Si è loggato l'utente info@saniscope-chimica.it
2025-09-19 14:30:48,643 Utente.forms INFO      asdasdasdsadasda che arriva
2025-09-19 14:30:48,648 Utente.views INFO     Si è registarto con l'email frank-1996@hotmail.it
2025-09-19 14:41:57,319 Utente.forms INFO      asdasdsadasdasda che arriva
2025-09-19 14:41:57,326 Utente.views INFO     Si è registarto con l'email frank-1996@hotmail.it
2025-09-19 14:47:55,435 Utente.backends INFO     Si è loggato l'utente info@saniscope-chimica.it
2025-09-19 14:56:41,755 Utente.backends INFO     Si è loggato l'utente info@saniscope-chimica.it
2025-09-19 14:59:37,574 Utente.forms INFO      asdasdasdasdsada che arriva
2025-09-19 14:59:37,577 Utente.views INFO     Si è registarto con l'email frank-1996@hotmail.it
2025-09-19 14:59:56,657 Utente.backends INFO     Si è loggato l'utente frank-1996@hotmail.it
2025-09-19 15:00:38,735 Carrello.views INFO     Richiesta aggiunta prodotto 587 al carrello dell'utente 7
2025-09-19 15:00:40,942 InvioEmail.views INFO     Email preventivo dell'utente con id: 7 ed email frank-1996@hotmail.it
2025-09-19 15:07:38,772 Utente.forms INFO      samfasfjasnoasno che arriva
2025-09-19 15:07:38,787 Utente.views INFO     Si è registarto con l'email asdasd@outlook.it
2025-09-19 15:07:52,822 Utente.forms INFO      samfasfjasnoasno che arriva
2025-09-19 15:07:52,828 Utente.views INFO     Si è registarto con l'email asdasd@outlook.it
2025-09-19 15:08:05,689 Utente.forms INFO      samfasfjasnoasno che arriva
2025-09-19 15:08:05,693 Utente.views INFO     Si è registarto con l'email asdasdasdasdvdfbfgnrtasd@outlook.it
2025-09-19 15:20:05,335 Utente.forms INFO      samfasfjasnoasno che arriva
2025-09-19 15:20:05,350 Utente.views INFO     Si è registarto con l'email asdasdasdasdvdfbfgnrtasd@outlook.it
2025-09-19 15:22:39,471 Utente.forms INFO      samfasfjasnoasno che arriva
2025-09-19 15:23:08,857 Utente.backends INFO     Si è loggato l'utente info@saniscope-chimica.it
2025-09-19 15:23:53,002 Utente.forms INFO      asdasdasdaasdasd che arriva
2025-09-19 15:23:53,005 Utente.views INFO     Si è registarto con l'email qweqweq@outlook.it
2025-09-19 15:24:18,376 Utente.backends INFO     Si è loggato l'utente info@saniscope-chimica.it
2025-09-19 15:24:49,538 Utente.backends INFO     Si è loggato l'utente qweqweq@outlook.it
2025-09-19 15:24:56,598 Carrello.views INFO     Richiesta aggiunta prodotto 587 al carrello dell'utente 9
2025-09-19 15:24:57,566 Carrello.views INFO     Richiesta aggiunta prodotto 588 al carrello dell'utente 9
2025-09-19 15:24:59,864 InvioEmail.views INFO     Email preventivo dell'utente con id: 9 ed email qweqweq@outlook.it
2025-09-19 15:25:34,932 Utente.forms INFO      asdacvcbfberscdw che arriva
2025-09-19 15:25:34,935 Utente.views INFO     Si è registarto con l'email mpnmopi@outlook.it
2025-09-19 15:34:07,174 Utente.forms INFO      asdacvcbfberscdw che arriva
2025-09-19 15:34:52,858 Utente.forms INFO      asdacvcbfberscdw che arriva
2025-09-19 15:34:52,871 Utente.views INFO     Si è registarto con l'email mpnmopi@outlook.it
2025-09-19 15:41:22,217 Utente.backends INFO     Si è loggato l'utente info@saniscope-chimica.it
2025-09-19 15:43:47,139 Utente.forms INFO      asdasdasdasdasda che arriva
2025-09-19 15:43:47,142 Utente.views INFO     Si è registarto con l'email frank-1996@hotmail.it
2025-09-19 15:44:38,705 Utente.forms INFO      ijonpoinprnbvoie che arriva
2025-09-19 15:44:38,709 Utente.views INFO     Si è registarto con l'email brtbtrrtb@outlook.it
2025-09-19 15:45:17,972 Utente.backends INFO     Si è loggato l'utente frank-1996@hotmail.it
2025-09-19 15:45:23,271 Carrello.views INFO     Richiesta aggiunta prodotto 9 al carrello dell'utente 11
2025-09-19 15:45:25,417 InvioEmail.views INFO     Email preventivo dell'utente con id: 11 ed email frank-1996@hotmail.it
2025-09-19 16:07:57,618 Utente.forms INFO      12345678NN che arriva
2025-09-19 16:07:57,621 Utente.views INFO     Si è registarto con l'email g.nanni94@hotmail.it
2025-09-19 16:08:19,467 Utente.backends INFO     Si è loggato l'utente g.nanni94@hotmail.it
2025-09-19 16:08:38,408 Carrello.views INFO     Richiesta aggiunta prodotto 452 al carrello dell'utente 13
2025-09-19 16:08:52,818 InvioEmail.views INFO     Email preventivo dell'utente con id: 13 ed email g.nanni94@hotmail.it
2025-09-19 17:16:18,600 Carrello.views INFO     Richiesta aggiunta prodotto 2 al carrello dell'utente 13
2025-09-20 08:51:10,419 Utente.backends INFO     Si è loggato l'utente info@saniscope-chimica.it
2025-09-20 08:51:24,572 Carrello.views INFO     Richiesta aggiunta prodotto 35 al carrello dell'utente 1
2025-09-24 21:17:09,457 Utente.backends INFO     Si è loggato l'utente info@saniscope-chimica.it
2025-09-24 22:11:32,077 Utente.backends INFO     Si è loggato l'utente info@saniscope-chimica.it
2025-09-24 22:12:17,267 Utente.forms INFO      sadasdasdasdasda che arriva
2025-09-24 22:12:29,026 Utente.forms INFO      sadasdasdasdasda che arriva
2025-09-24 22:12:29,036 Utente.views INFO     Si è registarto con l'email frank-1996@hotmail.it
2025-09-24 22:13:11,602 Utente.backends INFO     Si è loggato l'utente frank-1996@hotmail.it
